<?xml version="1.0" encoding="UTF-8"?>
<coverage generated="1516663539159" clover="3.2.0">
  <project timestamp="1516663539159" name="All files">
    <metrics statements="6" coveredstatements="6" conditionals="0" coveredconditionals="0" methods="2" coveredmethods="2" elements="8" coveredelements="8" complexity="0" loc="6" ncloc="6" packages="1" files="1" classes="1">
      <file name="init.js" path="/Users/gianfranco/onova/mobileapp/e2e/init.js">
        <metrics statements="6" coveredstatements="6" conditionals="0" coveredconditionals="0" methods="2" coveredmethods="2"/>
        <line num="3" count="3" type="stmt"/>
        <line num="5" count="3" type="stmt"/>
        <line num="7" count="3" type="stmt"/>
        <line num="8" count="3" type="stmt"/>
        <line num="11" count="3" type="stmt"/>
        <line num="12" count="3" type="stmt"/>
      </file>
    </metrics>
  </project>
</coverage>
